2024-01-08 20:36:04:364 - [32minfo[39m: 
2024-01-08 20:36:08:368 - [32minfo[39m: 
2024-01-08 20:36:15:3615 - [32minfo[39m: [32mApp funcionando[39m
2024-01-08 20:36:56:3656 - [32minfo[39m: [32mApp funcionando[39m
2024-01-08 20:37:31:3731 - [32minfo[39m: [32mConnect[39m
2024-01-08 20:37:31:3731 - [32minfo[39m: [32mApp funcionando[39m
2024-01-08 20:37:53:3753 - [32minfo[39m: [32mConnect[39m
2024-01-08 20:37:53:3753 - [32minfo[39m: [32mApp funcionando[39m
2024-01-08 20:38:52:3852 - [32minfo[39m: [32mConnect[39m
2024-01-08 20:38:53:3853 - [32minfo[39m: [32mApp funcionando[39m
2024-01-08 20:39:12:3912 - [32minfo[39m: [32mConnect[39m
2024-01-08 20:39:12:3912 - [32minfo[39m: [32mApp funcionando[39m
2024-01-08 20:39:24:3924 - [32minfo[39m: [32mConnect[39m
2024-01-08 20:39:24:3924 - [32minfo[39m: [32mApp funcionando[39m
2024-01-08 20:40:18:4018 - [32minfo[39m: [32mConnect[39m
2024-01-08 20:40:18:4018 - [32minfo[39m: [32mApp funcionando[39m
2024-01-08 20:40:29:4029 - [32minfo[39m: [32mConnect[39m
2024-01-08 20:40:29:4029 - [32minfo[39m: [32mApp funcionando[39m
2024-01-08 20:41:47:4147 - [32minfo[39m: [32mConnect[39m
2024-01-08 20:41:47:4147 - [32minfo[39m: [32mApp funcionando[39m
2024-01-08 20:42:10:4210 - [31merror[39m: [31mNot connect[39m
2024-01-08 20:42:27:4227 - [32minfo[39m: [32mConnect[39m
2024-01-08 20:42:27:4227 - [32minfo[39m: [32mApp funcionando[39m
2024-01-08 20:43:32:4332 - [32minfo[39m: [32mConnect[39m
2024-01-08 20:43:32:4332 - [32minfo[39m: [32mApp funcionando[39m
2024-01-08 20:44:23:4423 - [32minfo[39m: [32mConnect[39m
2024-01-08 20:44:23:4423 - [32minfo[39m: [32mApp funcionando[39m
2024-01-08 20:45:23:4523 - [32minfo[39m: [32mConnect[39m
2024-01-08 20:45:23:4523 - [32minfo[39m: [32mApp funcionando[39m
2024-01-08 20:45:52:4552 - [32minfo[39m: [32mConnect[39m
2024-01-08 20:45:52:4552 - [32minfo[39m: [32mApp funcionando[39m
2024-01-08 20:46:03:463 - [32minfo[39m: [32mConnect[39m
2024-01-08 20:46:03:463 - [32minfo[39m: [32mApp funcionando[39m
2024-01-08 20:46:36:4636 - [32minfo[39m: [32mConnect[39m
2024-01-08 20:46:36:4636 - [32minfo[39m: [32mApp funcionando[39m
2024-01-08 20:46:41:4641 - [32minfo[39m: [32mConnect[39m
2024-01-08 20:46:41:4641 - [32minfo[39m: [32mApp funcionando[39m
2024-01-08 20:47:48:4748 - [32minfo[39m: [32mConnect[39m
2024-01-08 20:47:48:4748 - [32minfo[39m: [32mApp funcionando[39m
2024-01-08 20:48:02:482 - [32minfo[39m: [32mConnect[39m
2024-01-08 20:48:02:482 - [32minfo[39m: [32mApp funcionando[39m
2024-01-08 20:48:15:4815 - [32minfo[39m: [32mConnect[39m
2024-01-08 20:48:15:4815 - [32minfo[39m: [32mApp funcionando[39m
2024-01-08 20:49:13:4913 - [32minfo[39m: [32mConnect[39m
2024-01-08 20:49:13:4913 - [32minfo[39m: [32mApp funcionando[39m
2024-01-08 20:49:17:4917 - [32minfo[39m: [32mConnect[39m
2024-01-08 20:49:17:4917 - [32minfo[39m: [32mApp funcionando[39m
2024-01-08 20:49:24:4924 - [32minfo[39m: [32mConnect[39m
2024-01-08 20:49:24:4924 - [32minfo[39m: [32mApp funcionando[39m
2024-01-08 20:50:12:5012 - [32minfo[39m: [32mConnect[39m
2024-01-08 20:50:12:5012 - [32minfo[39m: [32mApp funcionando[39m
2024-01-08 20:50:33:5033 - [32minfo[39m: [32mConnect[39m
2024-01-08 20:50:33:5033 - [32minfo[39m: [32mApp funcionando[39m
2024-01-08 20:51:15:5115 - [32minfo[39m: [32mConnect[39m
2024-01-08 20:51:15:5115 - [32minfo[39m: [32mApp funcionando[39m
2024-01-08 20:51:44:5144 - [32minfo[39m: [32mConnect[39m
2024-01-08 20:51:44:5144 - [32minfo[39m: [32mApp funcionando[39m
2024-01-08 20:51:55:5155 - [32minfo[39m: [32mConnect[39m
2024-01-08 20:51:55:5155 - [32minfo[39m: [32mApp funcionando[39m
2024-01-08 20:51:58:5158 - [32minfo[39m: [32mConnect[39m
2024-01-08 20:51:58:5158 - [32minfo[39m: [32mApp funcionando[39m
2024-01-08 20:53:03:533 - [32minfo[39m: [32mConnect[39m
2024-01-08 20:53:03:533 - [32minfo[39m: [32mApp funcionando[39m
2024-01-08 20:53:23:5323 - [32minfo[39m: [32mConnect[39m
2024-01-08 20:53:23:5323 - [32minfo[39m: [32mApp funcionando[39m
2024-01-08 20:53:33:5333 - [31merror[39m: [31mNot connect[39m
2024-01-08 20:53:40:5340 - [31merror[39m: [31mNot connect[39m
2024-01-08 20:53:42:5342 - [31merror[39m: [31mNot connect[39m
2024-01-08 20:53:55:5355 - [32minfo[39m: [32mConnect[39m
2024-01-08 20:53:55:5355 - [32minfo[39m: [32mApp funcionando[39m
2024-01-08 21:05:32:532 - [32minfo[39m: [32mConnect[39m
2024-01-08 21:05:32:532 - [32minfo[39m: [32mApp funcionando[39m
2024-01-08 21:05:42:542 - [32minfo[39m: [32mConnect[39m
2024-01-08 21:05:42:542 - [32minfo[39m: [32mApp funcionando[39m
2024-01-08 21:06:05:65 - [32minfo[39m: [32mConnect[39m
2024-01-08 21:06:05:65 - [32minfo[39m: [32mApp funcionando[39m
2024-01-08 21:06:09:69 - [32minfo[39m: [32mConnect[39m
2024-01-08 21:06:09:69 - [32minfo[39m: [32mApp funcionando[39m
2024-01-08 21:06:14:614 - [32minfo[39m: [32mConnect[39m
2024-01-08 21:06:14:614 - [32minfo[39m: [32mApp funcionando[39m
2024-01-08 21:07:03:73 - [32minfo[39m: [32mConnect[39m
2024-01-08 21:07:03:73 - [32minfo[39m: [32mApp funcionando[39m
2024-01-08 21:07:46:746 - [32minfo[39m: [32mConnect[39m
2024-01-08 21:07:46:746 - [32minfo[39m: [32mApp funcionando[39m
2024-01-08 21:07:49:749 - [35mhttp[39m: [35mGET /api/test 200 12 - 2.399 ms[39m
[35m[39m
2024-01-08 21:29:02:292 - [32minfo[39m: [32mConnect[39m
2024-01-08 21:29:02:292 - [32minfo[39m: [32mApp funcionando[39m
2024-01-08 21:29:19:2919 - [35mhttp[39m: [35mGET /api/test 200 12 - 1.763 ms[39m
[35m[39m
2024-01-09 17:57:47:5747 - [32minfo[39m: [32mConnect[39m
2024-01-09 17:57:47:5747 - [32minfo[39m: [32mApp funcionando[39m
2024-01-09 18:18:13:1813 - [31merror[39m: [31mNot connect[39m
2024-01-09 18:21:58:2158 - [32minfo[39m: [32mConnect[39m
2024-01-09 18:21:58:2158 - [32minfo[39m: [32mApp funcionando[39m
2024-01-09 18:24:33:2433 - [35mhttp[39m: [35mPOST /api/api/movie 404 153 - 1.741 ms[39m
[35m[39m
2024-01-09 18:24:50:2450 - [35mhttp[39m: [35mPOST /api//movie 200 14 - 1.260 ms[39m
[35m[39m
2024-01-09 18:29:43:2943 - [32minfo[39m: [32mConnect[39m
2024-01-09 18:29:43:2943 - [32minfo[39m: [32mApp funcionando[39m
2024-01-09 18:29:48:2948 - [32minfo[39m: [32mConnect[39m
2024-01-09 18:29:48:2948 - [32minfo[39m: [32mApp funcionando[39m
2024-01-09 18:31:05:315 - [32minfo[39m: [32mConnect[39m
2024-01-09 18:31:06:316 - [32minfo[39m: [32mApp funcionando[39m
2024-01-09 18:31:18:3118 - [32minfo[39m: [32mConnect[39m
2024-01-09 18:31:18:3118 - [32minfo[39m: [32mApp funcionando[39m
2024-01-09 18:31:20:3120 - [32minfo[39m: [32mConnect[39m
2024-01-09 18:31:20:3120 - [32minfo[39m: [32mApp funcionando[39m
2024-01-09 18:31:23:3123 - [32minfo[39m: [32mConnect[39m
2024-01-09 18:31:23:3123 - [32minfo[39m: [32mApp funcionando[39m
2024-01-09 18:31:25:3125 - [32minfo[39m: [32mConnect[39m
2024-01-09 18:31:25:3125 - [32minfo[39m: [32mApp funcionando[39m
2024-01-09 18:31:28:3128 - [32minfo[39m: [32mConnect[39m
2024-01-09 18:31:28:3128 - [32minfo[39m: [32mApp funcionando[39m
2024-01-09 18:31:30:3130 - [32minfo[39m: [32mConnect[39m
2024-01-09 18:31:30:3130 - [32minfo[39m: [32mApp funcionando[39m
2024-01-09 18:31:52:3152 - [32minfo[39m: [32mConnect[39m
2024-01-09 18:31:52:3152 - [32minfo[39m: [32mApp funcionando[39m
2024-01-09 18:31:55:3155 - [32minfo[39m: [32mConnect[39m
2024-01-09 18:31:55:3155 - [32minfo[39m: [32mApp funcionando[39m
2024-01-09 18:31:57:3157 - [32minfo[39m: [32mConnect[39m
2024-01-09 18:31:57:3157 - [32minfo[39m: [32mApp funcionando[39m
2024-01-09 18:32:04:324 - [32minfo[39m: [32mConnect[39m
2024-01-09 18:32:04:324 - [32minfo[39m: [32mApp funcionando[39m
2024-01-09 18:32:07:327 - [32minfo[39m: [32mConnect[39m
2024-01-09 18:32:07:327 - [32minfo[39m: [32mApp funcionando[39m
2024-01-09 18:32:12:3212 - [32minfo[39m: [32mConnect[39m
2024-01-09 18:32:12:3212 - [32minfo[39m: [32mApp funcionando[39m
2024-01-09 18:32:16:3216 - [32minfo[39m: [32mConnect[39m
2024-01-09 18:32:16:3216 - [32minfo[39m: [32mApp funcionando[39m
2024-01-09 18:32:17:3217 - [32minfo[39m: [32mConnect[39m
2024-01-09 18:32:17:3217 - [32minfo[39m: [32mApp funcionando[39m
2024-01-09 18:32:21:3221 - [32minfo[39m: [32mConnect[39m
2024-01-09 18:32:21:3221 - [32minfo[39m: [32mApp funcionando[39m
2024-01-09 18:32:29:3229 - [32minfo[39m: [32mConnect[39m
2024-01-09 18:32:29:3229 - [32minfo[39m: [32mApp funcionando[39m
2024-01-09 18:32:30:3230 - [32minfo[39m: [32mConnect[39m
2024-01-09 18:32:30:3230 - [32minfo[39m: [32mApp funcionando[39m
2024-01-09 18:32:32:3232 - [32minfo[39m: [32mConnect[39m
2024-01-09 18:32:32:3232 - [32minfo[39m: [32mApp funcionando[39m
2024-01-09 18:32:38:3238 - [32minfo[39m: [32mConnect[39m
2024-01-09 18:32:38:3238 - [32minfo[39m: [32mApp funcionando[39m
2024-01-09 18:32:46:3246 - [32minfo[39m: [32mConnect[39m
2024-01-09 18:32:46:3246 - [32minfo[39m: [32mApp funcionando[39m
2024-01-09 18:32:50:3250 - [32minfo[39m: [32mConnect[39m
2024-01-09 18:32:50:3250 - [32minfo[39m: [32mApp funcionando[39m
2024-01-09 18:32:51:3251 - [32minfo[39m: [32mConnect[39m
2024-01-09 18:32:51:3251 - [32minfo[39m: [32mApp funcionando[39m
2024-01-09 18:32:53:3253 - [32minfo[39m: [32mConnect[39m
2024-01-09 18:32:53:3253 - [32minfo[39m: [32mApp funcionando[39m
2024-01-09 18:33:00:330 - [32minfo[39m: [32mConnect[39m
2024-01-09 18:33:00:330 - [32minfo[39m: [32mApp funcionando[39m
2024-01-09 18:33:07:337 - [32minfo[39m: [32mConnect[39m
2024-01-09 18:33:07:337 - [32minfo[39m: [32mApp funcionando[39m
2024-01-09 18:33:11:3311 - [32minfo[39m: [32mConnect[39m
2024-01-09 18:33:11:3311 - [32minfo[39m: [32mApp funcionando[39m
2024-01-09 18:33:15:3315 - [32minfo[39m: [32mConnect[39m
2024-01-09 18:33:15:3315 - [32minfo[39m: [32mApp funcionando[39m
2024-01-09 18:33:16:3316 - [32minfo[39m: [32mConnect[39m
2024-01-09 18:33:16:3316 - [32minfo[39m: [32mApp funcionando[39m
2024-01-09 18:33:21:3321 - [32minfo[39m: [32mConnect[39m
2024-01-09 18:33:21:3321 - [32minfo[39m: [32mApp funcionando[39m
2024-01-09 18:33:23:3323 - [32minfo[39m: [32mConnect[39m
2024-01-09 18:33:23:3323 - [32minfo[39m: [32mApp funcionando[39m
2024-01-09 18:33:25:3325 - [32minfo[39m: [32mConnect[39m
2024-01-09 18:33:25:3325 - [32minfo[39m: [32mApp funcionando[39m
2024-01-09 18:33:33:3333 - [32minfo[39m: [32mConnect[39m
2024-01-09 18:33:33:3333 - [32minfo[39m: [32mApp funcionando[39m
2024-01-09 18:33:36:3336 - [32minfo[39m: [32mConnect[39m
2024-01-09 18:33:36:3336 - [32minfo[39m: [32mApp funcionando[39m
2024-01-09 18:33:39:3339 - [32minfo[39m: [32mConnect[39m
2024-01-09 18:33:39:3339 - [32minfo[39m: [32mApp funcionando[39m
2024-01-09 18:33:41:3341 - [32minfo[39m: [32mConnect[39m
2024-01-09 18:33:41:3341 - [32minfo[39m: [32mApp funcionando[39m
2024-01-09 18:33:43:3343 - [32minfo[39m: [32mConnect[39m
2024-01-09 18:33:43:3343 - [32minfo[39m: [32mApp funcionando[39m
2024-01-09 18:33:50:3350 - [32minfo[39m: [32mConnect[39m
2024-01-09 18:33:50:3350 - [32minfo[39m: [32mApp funcionando[39m
2024-01-09 18:33:54:3354 - [32minfo[39m: [32mConnect[39m
2024-01-09 18:33:54:3354 - [32minfo[39m: [32mApp funcionando[39m
2024-01-09 18:34:56:3456 - [32minfo[39m: [32mConnect[39m
2024-01-09 18:34:56:3456 - [32minfo[39m: [32mApp funcionando[39m
2024-01-09 18:34:57:3457 - [32minfo[39m: [32mConnect[39m
2024-01-09 18:34:57:3457 - [32minfo[39m: [32mApp funcionando[39m
2024-01-09 18:35:15:3515 - [32minfo[39m: [32mConnect[39m
2024-01-09 18:35:15:3515 - [32minfo[39m: [32mApp funcionando[39m
2024-01-09 18:36:32:3632 - [35mhttp[39m: [35mPOST /api//movie 201 147 - 31.878 ms[39m
[35m[39m
2024-01-09 18:38:42:3842 - [35mhttp[39m: [35mPOST /api//movie 201 149 - 21.059 ms[39m
[35m[39m
2024-01-09 18:39:54:3954 - [32minfo[39m: [32mConnect[39m
2024-01-09 18:39:54:3954 - [32minfo[39m: [32mApp funcionando[39m
2024-01-09 18:39:59:3959 - [32minfo[39m: [32mConnect[39m
2024-01-09 18:39:59:3959 - [32minfo[39m: [32mApp funcionando[39m
2024-01-09 18:40:01:401 - [32minfo[39m: [32mConnect[39m
2024-01-09 18:40:01:401 - [32minfo[39m: [32mApp funcionando[39m
2024-01-09 18:40:08:408 - [32minfo[39m: [32mConnect[39m
2024-01-09 18:40:08:408 - [32minfo[39m: [32mApp funcionando[39m
2024-01-09 18:40:19:4019 - [32minfo[39m: [32mConnect[39m
2024-01-09 18:40:19:4019 - [32minfo[39m: [32mApp funcionando[39m
2024-01-09 18:41:28:4128 - [32minfo[39m: [32mConnect[39m
2024-01-09 18:41:28:4128 - [32minfo[39m: [32mApp funcionando[39m
2024-01-09 18:41:42:4142 - [32minfo[39m: [32mConnect[39m
2024-01-09 18:41:42:4142 - [32minfo[39m: [32mApp funcionando[39m
2024-01-09 18:41:45:4145 - [32minfo[39m: [32mConnect[39m
2024-01-09 18:41:45:4145 - [32minfo[39m: [32mApp funcionando[39m
2024-01-09 18:41:51:4151 - [32minfo[39m: [32mConnect[39m
2024-01-09 18:41:51:4151 - [32minfo[39m: [32mApp funcionando[39m
2024-01-09 18:41:57:4157 - [32minfo[39m: [32mConnect[39m
2024-01-09 18:41:57:4157 - [32minfo[39m: [32mApp funcionando[39m
2024-01-09 18:42:03:423 - [32minfo[39m: [32mConnect[39m
2024-01-09 18:42:03:423 - [32minfo[39m: [32mApp funcionando[39m
2024-01-09 18:42:10:4210 - [32minfo[39m: [32mConnect[39m
2024-01-09 18:42:10:4210 - [32minfo[39m: [32mApp funcionando[39m
2024-01-09 18:56:11:5611 - [32minfo[39m: [32mConnect[39m
2024-01-09 18:56:11:5611 - [32minfo[39m: [32mApp funcionando[39m
2024-01-09 18:56:20:5620 - [32minfo[39m: [32mConnect[39m
2024-01-09 18:56:20:5620 - [32minfo[39m: [32mApp funcionando[39m
2024-01-09 18:56:42:5642 - [32minfo[39m: [32mConnect[39m
2024-01-09 18:56:42:5642 - [32minfo[39m: [32mApp funcionando[39m
2024-01-09 18:57:42:5742 - [35mhttp[39m: [35mPOST /api//movie 201 154 - 37.225 ms[39m
[35m[39m
2024-01-09 18:58:43:5843 - [32minfo[39m: [32mConnect[39m
2024-01-09 18:58:43:5843 - [32minfo[39m: [32mApp funcionando[39m
2024-01-09 18:58:48:5848 - [32minfo[39m: [32mConnect[39m
2024-01-09 18:58:48:5848 - [32minfo[39m: [32mApp funcionando[39m
2024-01-09 18:58:50:5850 - [32minfo[39m: [32mConnect[39m
2024-01-09 18:58:50:5850 - [32minfo[39m: [32mApp funcionando[39m
2024-01-09 19:13:02:132 - [32minfo[39m: [32mConnect[39m
2024-01-09 19:13:02:132 - [32minfo[39m: [32mApp funcionando[39m
2024-01-09 19:13:59:1359 - [32minfo[39m: [32mConnect[39m
2024-01-09 19:13:59:1359 - [32minfo[39m: [32mApp funcionando[39m
2024-01-09 19:14:03:143 - [32minfo[39m: [32mConnect[39m
2024-01-09 19:14:03:143 - [32minfo[39m: [32mApp funcionando[39m
2024-01-09 19:14:12:1412 - [32minfo[39m: [32mConnect[39m
2024-01-09 19:14:12:1412 - [32minfo[39m: [32mApp funcionando[39m
2024-01-09 19:14:19:1419 - [32minfo[39m: [32mConnect[39m
2024-01-09 19:14:19:1419 - [32minfo[39m: [32mApp funcionando[39m
2024-01-09 19:14:20:1420 - [32minfo[39m: [32mConnect[39m
2024-01-09 19:14:20:1420 - [32minfo[39m: [32mApp funcionando[39m
2024-01-09 19:14:23:1423 - [32minfo[39m: [32mConnect[39m
2024-01-09 19:14:23:1423 - [32minfo[39m: [32mApp funcionando[39m
2024-01-09 19:14:25:1425 - [32minfo[39m: [32mConnect[39m
2024-01-09 19:14:25:1425 - [32minfo[39m: [32mApp funcionando[39m
2024-01-09 19:14:28:1428 - [32minfo[39m: [32mConnect[39m
2024-01-09 19:14:28:1428 - [32minfo[39m: [32mApp funcionando[39m
2024-01-09 19:14:31:1431 - [32minfo[39m: [32mConnect[39m
2024-01-09 19:14:31:1431 - [32minfo[39m: [32mApp funcionando[39m
2024-01-09 19:14:37:1437 - [32minfo[39m: [32mConnect[39m
2024-01-09 19:14:37:1437 - [32minfo[39m: [32mApp funcionando[39m
2024-01-09 19:14:39:1439 - [32minfo[39m: [32mConnect[39m
2024-01-09 19:14:39:1439 - [32minfo[39m: [32mApp funcionando[39m
2024-01-09 19:14:43:1443 - [32minfo[39m: [32mConnect[39m
2024-01-09 19:14:43:1443 - [32minfo[39m: [32mApp funcionando[39m
2024-01-09 19:14:52:1452 - [32minfo[39m: [32mConnect[39m
2024-01-09 19:14:52:1452 - [32minfo[39m: [32mApp funcionando[39m
2024-01-09 19:14:57:1457 - [32minfo[39m: [32mConnect[39m
2024-01-09 19:14:57:1457 - [32minfo[39m: [32mApp funcionando[39m
2024-01-09 19:15:01:151 - [32minfo[39m: [32mConnect[39m
2024-01-09 19:15:01:151 - [32minfo[39m: [32mApp funcionando[39m
2024-01-09 19:15:24:1524 - [35mhttp[39m: [35mPOST /api//movie 201 143 - 48.169 ms[39m
[35m[39m
2024-01-09 19:15:30:1530 - [35mhttp[39m: [35mPOST /api//movie 201 143 - 68.502 ms[39m
[35m[39m
2024-01-09 19:15:52:1552 - [32minfo[39m: [32mConnect[39m
2024-01-09 19:15:52:1552 - [32minfo[39m: [32mApp funcionando[39m
2024-01-09 19:15:57:1557 - [32minfo[39m: [32mConnect[39m
2024-01-09 19:15:57:1557 - [32minfo[39m: [32mApp funcionando[39m
2024-01-09 19:16:53:1653 - [35mhttp[39m: [35mPOST /api//movie - - - - ms[39m
[35m[39m
2024-01-09 19:17:06:176 - [32minfo[39m: [32mConnect[39m
2024-01-09 19:17:06:176 - [32minfo[39m: [32mApp funcionando[39m
2024-01-09 19:17:48:1748 - [32minfo[39m: [32mConnect[39m
2024-01-09 19:17:48:1748 - [32minfo[39m: [32mApp funcionando[39m
2024-01-09 19:17:54:1754 - [35mhttp[39m: [35mPOST /api//movie 422 68 - 4.093 ms[39m
[35m[39m
2024-01-09 19:18:04:184 - [35mhttp[39m: [35mPOST /api//movie 422 102 - 1.089 ms[39m
[35m[39m
2024-01-09 19:18:23:1823 - [32minfo[39m: [32mConnect[39m
2024-01-09 19:18:23:1823 - [32minfo[39m: [32mApp funcionando[39m
2024-01-09 19:19:04:194 - [32minfo[39m: [32mConnect[39m
2024-01-09 19:19:04:194 - [32minfo[39m: [32mApp funcionando[39m
2024-01-09 19:19:55:1955 - [32minfo[39m: [32mConnect[39m
2024-01-09 19:19:55:1955 - [32minfo[39m: [32mApp funcionando[39m
2024-01-09 19:19:58:1958 - [32minfo[39m: [32mConnect[39m
2024-01-09 19:19:58:1958 - [32minfo[39m: [32mApp funcionando[39m
2024-01-09 19:19:59:1959 - [32minfo[39m: [32mConnect[39m
2024-01-09 19:19:59:1959 - [32minfo[39m: [32mApp funcionando[39m
2024-01-09 19:20:02:202 - [32minfo[39m: [32mConnect[39m
2024-01-09 19:20:02:202 - [32minfo[39m: [32mApp funcionando[39m
2024-01-09 19:20:17:2017 - [32minfo[39m: [32mConnect[39m
2024-01-09 19:20:17:2017 - [32minfo[39m: [32mApp funcionando[39m
2024-01-09 19:20:21:2021 - [32minfo[39m: [32mConnect[39m
2024-01-09 19:20:21:2021 - [32minfo[39m: [32mApp funcionando[39m
2024-01-09 19:20:36:2036 - [32minfo[39m: [32mConnect[39m
2024-01-09 19:20:36:2036 - [32minfo[39m: [32mApp funcionando[39m
2024-01-09 19:20:37:2037 - [32minfo[39m: [32mConnect[39m
2024-01-09 19:20:37:2037 - [32minfo[39m: [32mApp funcionando[39m
2024-01-09 19:20:42:2042 - [32minfo[39m: [32mConnect[39m
2024-01-09 19:20:42:2042 - [32minfo[39m: [32mApp funcionando[39m
2024-01-09 19:20:49:2049 - [32minfo[39m: [32mConnect[39m
2024-01-09 19:20:49:2049 - [32minfo[39m: [32mApp funcionando[39m
2024-01-09 19:26:43:2643 - [32minfo[39m: [32mConnect[39m
2024-01-09 19:26:43:2643 - [32minfo[39m: [32mApp funcionando[39m
2024-01-09 19:27:15:2715 - [32minfo[39m: [32mConnect[39m
2024-01-09 19:27:15:2715 - [32minfo[39m: [32mApp funcionando[39m
2024-01-09 19:27:40:2740 - [32minfo[39m: [32mConnect[39m
2024-01-09 19:27:40:2740 - [32minfo[39m: [32mApp funcionando[39m
2024-01-09 19:27:44:2744 - [32minfo[39m: [32mConnect[39m
2024-01-09 19:27:44:2744 - [32minfo[39m: [32mApp funcionando[39m
2024-01-09 19:27:49:2749 - [32minfo[39m: [32mConnect[39m
2024-01-09 19:27:49:2749 - [32minfo[39m: [32mApp funcionando[39m
2024-01-09 19:27:51:2751 - [32minfo[39m: [32mConnect[39m
2024-01-09 19:27:51:2751 - [32minfo[39m: [32mApp funcionando[39m
2024-01-09 19:27:54:2754 - [32minfo[39m: [32mConnect[39m
2024-01-09 19:27:54:2754 - [32minfo[39m: [32mApp funcionando[39m
2024-01-09 19:28:04:284 - [32minfo[39m: [32mConnect[39m
2024-01-09 19:28:04:284 - [32minfo[39m: [32mApp funcionando[39m
2024-01-09 19:28:05:285 - [32minfo[39m: [32mConnect[39m
2024-01-09 19:28:05:285 - [32minfo[39m: [32mApp funcionando[39m
2024-01-09 19:28:35:2835 - [32minfo[39m: [32mConnect[39m
2024-01-09 19:28:35:2835 - [32minfo[39m: [32mApp funcionando[39m
2024-01-09 19:28:37:2837 - [32minfo[39m: [32mConnect[39m
2024-01-09 19:28:37:2837 - [32minfo[39m: [32mApp funcionando[39m
2024-01-09 19:28:39:2839 - [32minfo[39m: [32mConnect[39m
2024-01-09 19:28:39:2839 - [32minfo[39m: [32mApp funcionando[39m
2024-01-09 19:28:45:2845 - [32minfo[39m: [32mConnect[39m
2024-01-09 19:28:45:2845 - [32minfo[39m: [32mApp funcionando[39m
2024-01-09 19:28:51:2851 - [32minfo[39m: [32mConnect[39m
2024-01-09 19:28:51:2851 - [32minfo[39m: [32mApp funcionando[39m
2024-01-09 19:28:56:2856 - [32minfo[39m: [32mConnect[39m
2024-01-09 19:28:56:2856 - [32minfo[39m: [32mApp funcionando[39m
2024-01-09 19:29:00:290 - [32minfo[39m: [32mConnect[39m
2024-01-09 19:29:00:290 - [32minfo[39m: [32mApp funcionando[39m
2024-01-09 19:29:51:2951 - [32minfo[39m: [32mConnect[39m
2024-01-09 19:29:51:2951 - [32minfo[39m: [32mApp funcionando[39m
2024-01-09 19:29:52:2952 - [32minfo[39m: [32mConnect[39m
2024-01-09 19:29:52:2952 - [32minfo[39m: [32mApp funcionando[39m
2024-01-09 19:30:07:307 - [32minfo[39m: [32mConnect[39m
2024-01-09 19:30:07:307 - [32minfo[39m: [32mApp funcionando[39m
2024-01-09 19:30:10:3010 - [32minfo[39m: [32mConnect[39m
2024-01-09 19:30:10:3010 - [32minfo[39m: [32mApp funcionando[39m
2024-01-09 19:30:12:3012 - [32minfo[39m: [32mConnect[39m
2024-01-09 19:30:12:3012 - [32minfo[39m: [32mApp funcionando[39m
2024-01-09 19:30:17:3017 - [32minfo[39m: [32mConnect[39m
2024-01-09 19:30:17:3017 - [32minfo[39m: [32mApp funcionando[39m
2024-01-09 19:30:26:3026 - [32minfo[39m: [32mConnect[39m
2024-01-09 19:30:26:3026 - [32minfo[39m: [32mApp funcionando[39m
2024-01-09 19:30:35:3035 - [32minfo[39m: [32mConnect[39m
2024-01-09 19:30:35:3035 - [32minfo[39m: [32mApp funcionando[39m
2024-01-09 19:30:38:3038 - [32minfo[39m: [32mConnect[39m
2024-01-09 19:30:38:3038 - [32minfo[39m: [32mApp funcionando[39m
2024-01-09 19:30:40:3040 - [32minfo[39m: [32mConnect[39m
2024-01-09 19:30:40:3040 - [32minfo[39m: [32mApp funcionando[39m
2024-01-09 19:30:44:3044 - [32minfo[39m: [32mConnect[39m
2024-01-09 19:30:44:3044 - [32minfo[39m: [32mApp funcionando[39m
2024-01-09 19:30:48:3048 - [32minfo[39m: [32mConnect[39m
2024-01-09 19:30:48:3048 - [32minfo[39m: [32mApp funcionando[39m
2024-01-09 19:30:49:3049 - [32minfo[39m: [32mConnect[39m
2024-01-09 19:30:49:3049 - [32minfo[39m: [32mApp funcionando[39m
2024-01-09 19:30:59:3059 - [32minfo[39m: [32mConnect[39m
2024-01-09 19:30:59:3059 - [32minfo[39m: [32mApp funcionando[39m
2024-01-09 19:31:26:3126 - [35mhttp[39m: [35mPOST /api//movie 422 187 - 5.098 ms[39m
[35m[39m
2024-01-09 19:31:51:3151 - [35mhttp[39m: [35mPOST /api//movie 422 131 - 0.942 ms[39m
[35m[39m
2024-01-09 19:33:32:3332 - [35mhttp[39m: [35mPOST /api//movie 201 204 - 76.148 ms[39m
[35m[39m
2024-01-09 19:35:12:3512 - [32minfo[39m: [32mConnect[39m
2024-01-09 19:35:12:3512 - [32minfo[39m: [32mApp funcionando[39m
2024-01-09 19:36:11:3611 - [32minfo[39m: [32mConnect[39m
2024-01-09 19:36:11:3611 - [32minfo[39m: [32mApp funcionando[39m
2024-01-09 19:38:57:3857 - [32minfo[39m: [32mConnect[39m
2024-01-09 19:38:57:3857 - [32minfo[39m: [32mApp funcionando[39m
2024-01-09 19:39:12:3912 - [32minfo[39m: [32mConnect[39m
2024-01-09 19:39:12:3912 - [32minfo[39m: [32mApp funcionando[39m
2024-01-09 19:39:15:3915 - [32minfo[39m: [32mConnect[39m
2024-01-09 19:39:15:3915 - [32minfo[39m: [32mApp funcionando[39m
2024-01-09 19:39:22:3922 - [32minfo[39m: [32mConnect[39m
2024-01-09 19:39:22:3922 - [32minfo[39m: [32mApp funcionando[39m
2024-01-09 19:39:24:3924 - [32minfo[39m: [32mConnect[39m
2024-01-09 19:39:24:3924 - [32minfo[39m: [32mApp funcionando[39m
2024-01-09 19:39:28:3928 - [32minfo[39m: [32mConnect[39m
2024-01-09 19:39:28:3928 - [32minfo[39m: [32mApp funcionando[39m
2024-01-09 19:39:29:3929 - [32minfo[39m: [32mConnect[39m
2024-01-09 19:39:29:3929 - [32minfo[39m: [32mApp funcionando[39m
2024-01-09 19:39:31:3931 - [32minfo[39m: [32mConnect[39m
2024-01-09 19:39:31:3931 - [32minfo[39m: [32mApp funcionando[39m
2024-01-09 19:39:35:3935 - [32minfo[39m: [32mConnect[39m
2024-01-09 19:39:35:3935 - [32minfo[39m: [32mApp funcionando[39m
2024-01-09 19:39:41:3941 - [32minfo[39m: [32mConnect[39m
2024-01-09 19:39:41:3941 - [32minfo[39m: [32mApp funcionando[39m
2024-01-09 19:39:42:3942 - [32minfo[39m: [32mConnect[39m
2024-01-09 19:39:42:3942 - [32minfo[39m: [32mApp funcionando[39m
2024-01-09 19:39:50:3950 - [32minfo[39m: [32mConnect[39m
2024-01-09 19:39:50:3950 - [32minfo[39m: [32mApp funcionando[39m
2024-01-09 19:40:04:404 - [32minfo[39m: [32mConnect[39m
2024-01-09 19:40:04:404 - [32minfo[39m: [32mApp funcionando[39m
2024-01-09 19:40:08:408 - [32minfo[39m: [32mConnect[39m
2024-01-09 19:40:08:408 - [32minfo[39m: [32mApp funcionando[39m
2024-01-09 19:41:11:4111 - [32minfo[39m: [32mConnect[39m
2024-01-09 19:41:11:4111 - [32minfo[39m: [32mApp funcionando[39m
2024-01-09 19:41:17:4117 - [32minfo[39m: [32mConnect[39m
2024-01-09 19:41:17:4117 - [32minfo[39m: [32mApp funcionando[39m
2024-01-09 19:41:19:4119 - [32minfo[39m: [32mConnect[39m
2024-01-09 19:41:19:4119 - [32minfo[39m: [32mApp funcionando[39m
2024-01-09 19:41:31:4131 - [32minfo[39m: [32mConnect[39m
2024-01-09 19:41:31:4131 - [32minfo[39m: [32mApp funcionando[39m
2024-01-09 19:41:32:4132 - [32minfo[39m: [32mConnect[39m
2024-01-09 19:41:32:4132 - [32minfo[39m: [32mApp funcionando[39m
2024-01-09 19:41:35:4135 - [32minfo[39m: [32mConnect[39m
2024-01-09 19:41:35:4135 - [32minfo[39m: [32mApp funcionando[39m
2024-01-09 19:41:42:4142 - [32minfo[39m: [32mConnect[39m
2024-01-09 19:41:42:4142 - [32minfo[39m: [32mApp funcionando[39m
2024-01-09 19:41:52:4152 - [32minfo[39m: [32mConnect[39m
2024-01-09 19:41:52:4152 - [32minfo[39m: [32mApp funcionando[39m
2024-01-09 19:41:56:4156 - [32minfo[39m: [32mConnect[39m
2024-01-09 19:41:56:4156 - [32minfo[39m: [32mApp funcionando[39m
2024-01-09 19:41:58:4158 - [32minfo[39m: [32mConnect[39m
2024-01-09 19:41:58:4158 - [32minfo[39m: [32mApp funcionando[39m
2024-01-09 19:42:02:422 - [32minfo[39m: [32mConnect[39m
2024-01-09 19:42:02:422 - [32minfo[39m: [32mApp funcionando[39m
2024-01-09 19:42:08:428 - [32minfo[39m: [32mConnect[39m
2024-01-09 19:42:08:428 - [32minfo[39m: [32mApp funcionando[39m
2024-01-09 19:42:11:4211 - [32minfo[39m: [32mConnect[39m
2024-01-09 19:42:11:4211 - [32minfo[39m: [32mApp funcionando[39m
2024-01-09 19:42:16:4216 - [32minfo[39m: [32mConnect[39m
2024-01-09 19:42:16:4216 - [32minfo[39m: [32mApp funcionando[39m
2024-01-09 19:42:45:4245 - [32minfo[39m: [32mConnect[39m
2024-01-09 19:42:45:4245 - [32minfo[39m: [32mApp funcionando[39m
2024-01-09 19:42:48:4248 - [32minfo[39m: [32mConnect[39m
2024-01-09 19:42:48:4248 - [32minfo[39m: [32mApp funcionando[39m
2024-01-09 19:42:51:4251 - [32minfo[39m: [32mConnect[39m
2024-01-09 19:42:51:4251 - [32minfo[39m: [32mApp funcionando[39m
2024-01-09 19:42:57:4257 - [32minfo[39m: [32mConnect[39m
2024-01-09 19:42:57:4257 - [32minfo[39m: [32mApp funcionando[39m
2024-01-09 19:42:58:4258 - [32minfo[39m: [32mConnect[39m
2024-01-09 19:42:58:4258 - [32minfo[39m: [32mApp funcionando[39m
2024-01-09 19:43:03:433 - [32minfo[39m: [32mConnect[39m
2024-01-09 19:43:03:433 - [32minfo[39m: [32mApp funcionando[39m
2024-01-09 19:43:06:436 - [32minfo[39m: [32mConnect[39m
2024-01-09 19:43:06:436 - [32minfo[39m: [32mApp funcionando[39m
2024-01-09 19:43:09:439 - [32minfo[39m: [32mConnect[39m
2024-01-09 19:43:09:439 - [32minfo[39m: [32mApp funcionando[39m
2024-01-09 19:43:11:4311 - [32minfo[39m: [32mConnect[39m
2024-01-09 19:43:11:4311 - [32minfo[39m: [32mApp funcionando[39m
2024-01-09 19:43:14:4314 - [32minfo[39m: [32mConnect[39m
2024-01-09 19:43:14:4314 - [32minfo[39m: [32mApp funcionando[39m
2024-01-09 19:43:23:4323 - [32minfo[39m: [32mConnect[39m
2024-01-09 19:43:23:4323 - [32minfo[39m: [32mApp funcionando[39m
2024-01-09 19:43:52:4352 - [32minfo[39m: [32mConnect[39m
2024-01-09 19:43:52:4352 - [32minfo[39m: [32mApp funcionando[39m
2024-01-09 19:44:05:445 - [32minfo[39m: [32mConnect[39m
2024-01-09 19:44:05:445 - [32minfo[39m: [32mApp funcionando[39m
2024-01-09 19:44:09:449 - [32minfo[39m: [32mConnect[39m
2024-01-09 19:44:09:449 - [32minfo[39m: [32mApp funcionando[39m
2024-01-09 19:44:14:4414 - [32minfo[39m: [32mConnect[39m
2024-01-09 19:44:14:4414 - [32minfo[39m: [32mApp funcionando[39m
2024-01-09 19:44:16:4416 - [32minfo[39m: [32mConnect[39m
2024-01-09 19:44:16:4416 - [32minfo[39m: [32mApp funcionando[39m
2024-01-09 19:44:19:4419 - [32minfo[39m: [32mConnect[39m
2024-01-09 19:44:19:4419 - [32minfo[39m: [32mApp funcionando[39m
2024-01-09 19:44:23:4423 - [32minfo[39m: [32mConnect[39m
2024-01-09 19:44:23:4423 - [32minfo[39m: [32mApp funcionando[39m
2024-01-09 19:44:31:4431 - [32minfo[39m: [32mConnect[39m
2024-01-09 19:44:31:4431 - [32minfo[39m: [32mApp funcionando[39m
2024-01-09 19:44:33:4433 - [32minfo[39m: [32mConnect[39m
2024-01-09 19:44:33:4433 - [32minfo[39m: [32mApp funcionando[39m
2024-01-09 19:44:38:4438 - [32minfo[39m: [32mConnect[39m
2024-01-09 19:44:38:4438 - [32minfo[39m: [32mApp funcionando[39m
2024-01-09 19:44:50:4450 - [32minfo[39m: [32mConnect[39m
2024-01-09 19:44:50:4450 - [32minfo[39m: [32mApp funcionando[39m
2024-01-09 19:47:58:4758 - [32minfo[39m: [32mConnect[39m
2024-01-09 19:47:58:4758 - [32minfo[39m: [32mApp funcionando[39m
2024-01-09 19:48:02:482 - [32minfo[39m: [32mConnect[39m
2024-01-09 19:48:02:482 - [32minfo[39m: [32mApp funcionando[39m
2024-01-09 19:48:06:486 - [32minfo[39m: [32mConnect[39m
2024-01-09 19:48:06:486 - [32minfo[39m: [32mApp funcionando[39m
2024-01-09 19:48:23:4823 - [32minfo[39m: [32mConnect[39m
2024-01-09 19:48:23:4823 - [32minfo[39m: [32mApp funcionando[39m
2024-01-09 19:48:26:4826 - [32minfo[39m: [32mConnect[39m
2024-01-09 19:48:26:4826 - [32minfo[39m: [32mApp funcionando[39m
2024-01-09 19:49:33:4933 - [32minfo[39m: [32mConnect[39m
2024-01-09 19:49:33:4933 - [32minfo[39m: [32mApp funcionando[39m
2024-01-09 19:49:37:4937 - [32minfo[39m: [32mConnect[39m
2024-01-09 19:49:37:4937 - [32minfo[39m: [32mApp funcionando[39m
2024-01-09 19:49:50:4950 - [32minfo[39m: [32mConnect[39m
2024-01-09 19:49:50:4950 - [32minfo[39m: [32mApp funcionando[39m
2024-01-09 19:49:54:4954 - [32minfo[39m: [32mConnect[39m
2024-01-09 19:49:54:4954 - [32minfo[39m: [32mApp funcionando[39m
2024-01-09 19:49:55:4955 - [32minfo[39m: [32mConnect[39m
2024-01-09 19:49:55:4955 - [32minfo[39m: [32mApp funcionando[39m
2024-01-09 19:50:01:501 - [32minfo[39m: [32mConnect[39m
2024-01-09 19:50:01:501 - [32minfo[39m: [32mApp funcionando[39m
2024-01-09 19:50:03:503 - [32minfo[39m: [32mConnect[39m
2024-01-09 19:50:03:503 - [32minfo[39m: [32mApp funcionando[39m
2024-01-09 19:50:07:507 - [32minfo[39m: [32mConnect[39m
2024-01-09 19:50:07:507 - [32minfo[39m: [32mApp funcionando[39m
2024-01-09 19:50:09:509 - [32minfo[39m: [32mConnect[39m
2024-01-09 19:50:09:509 - [32minfo[39m: [32mApp funcionando[39m
2024-01-09 19:50:10:5010 - [32minfo[39m: [32mConnect[39m
2024-01-09 19:50:10:5010 - [32minfo[39m: [32mApp funcionando[39m
2024-01-09 19:50:15:5015 - [32minfo[39m: [32mConnect[39m
2024-01-09 19:50:15:5015 - [32minfo[39m: [32mApp funcionando[39m
2024-01-09 19:50:31:5031 - [32minfo[39m: [32mConnect[39m
2024-01-09 19:50:31:5031 - [32minfo[39m: [32mApp funcionando[39m
2024-01-09 19:50:34:5034 - [32minfo[39m: [32mConnect[39m
2024-01-09 19:50:34:5034 - [32minfo[39m: [32mApp funcionando[39m
2024-01-09 19:50:38:5038 - [32minfo[39m: [32mConnect[39m
2024-01-09 19:50:38:5038 - [32minfo[39m: [32mApp funcionando[39m
2024-01-09 19:50:52:5052 - [32minfo[39m: [32mConnect[39m
2024-01-09 19:50:52:5052 - [32minfo[39m: [32mApp funcionando[39m
2024-01-09 19:50:55:5055 - [32minfo[39m: [32mConnect[39m
2024-01-09 19:50:55:5055 - [32minfo[39m: [32mApp funcionando[39m
2024-01-09 19:50:56:5056 - [32minfo[39m: [32mConnect[39m
2024-01-09 19:50:56:5056 - [32minfo[39m: [32mApp funcionando[39m
2024-01-09 19:51:00:510 - [32minfo[39m: [32mConnect[39m
2024-01-09 19:51:00:510 - [32minfo[39m: [32mApp funcionando[39m
2024-01-09 19:51:07:517 - [32minfo[39m: [32mConnect[39m
2024-01-09 19:51:07:517 - [32minfo[39m: [32mApp funcionando[39m
2024-01-09 19:51:50:5150 - [32minfo[39m: [32mConnect[39m
2024-01-09 19:51:50:5150 - [32minfo[39m: [32mApp funcionando[39m
2024-01-09 19:51:54:5154 - [32minfo[39m: [32mConnect[39m
2024-01-09 19:51:54:5154 - [32minfo[39m: [32mApp funcionando[39m
2024-01-09 19:51:57:5157 - [32minfo[39m: [32mConnect[39m
2024-01-09 19:51:57:5157 - [32minfo[39m: [32mApp funcionando[39m
2024-01-09 19:52:02:522 - [32minfo[39m: [32mConnect[39m
2024-01-09 19:52:02:522 - [32minfo[39m: [32mApp funcionando[39m
2024-01-09 19:52:05:525 - [32minfo[39m: [32mConnect[39m
2024-01-09 19:52:05:525 - [32minfo[39m: [32mApp funcionando[39m
2024-01-09 19:52:10:5210 - [32minfo[39m: [32mConnect[39m
2024-01-09 19:52:10:5210 - [32minfo[39m: [32mApp funcionando[39m
2024-01-09 19:52:14:5214 - [32minfo[39m: [32mConnect[39m
2024-01-09 19:52:14:5214 - [32minfo[39m: [32mApp funcionando[39m
2024-01-09 19:52:15:5215 - [32minfo[39m: [32mConnect[39m
2024-01-09 19:52:15:5215 - [32minfo[39m: [32mApp funcionando[39m
2024-01-09 19:52:37:5237 - [32minfo[39m: [32mConnect[39m
2024-01-09 19:52:37:5237 - [32minfo[39m: [32mApp funcionando[39m
2024-01-09 19:52:39:5239 - [32minfo[39m: [32mConnect[39m
2024-01-09 19:52:39:5239 - [32minfo[39m: [32mApp funcionando[39m
2024-01-09 19:52:40:5240 - [32minfo[39m: [32mConnect[39m
2024-01-09 19:52:40:5240 - [32minfo[39m: [32mApp funcionando[39m
2024-01-09 19:53:08:538 - [31merror[39m: [31mErro no sistema Cast to ObjectId failed for value "id" (type string) at path "_id" for model "Movie"[39m
2024-01-09 19:53:19:5319 - [35mhttp[39m: [35mGET /api//movie/id - - - - ms[39m
[35m[39m
2024-01-09 19:53:20:5320 - [35mhttp[39m: [35mGET /api//movie/ 404 150 - 1.404 ms[39m
[35m[39m
2024-01-09 19:53:31:5331 - [35mhttp[39m: [35mGET /api//movie/659dc9bc3eeefccd013d26b7 200 204 - 18.712 ms[39m
[35m[39m
2024-01-09 19:53:39:5339 - [31merror[39m: [31mErro no sistema Cast to ObjectId failed for value "659dc9bc3eeefccd013d26b" (type string) at path "_id" for model "Movie"[39m
2024-01-09 19:53:45:5345 - [35mhttp[39m: [35mGET /api//movie/659dc9bc3eeefccd013d26b - - - - ms[39m
[35m[39m
2024-01-09 19:53:49:5349 - [35mhttp[39m: [35mGET /api//movie/659dc9bc3eeefccd013d26b7 200 204 - 12.018 ms[39m
[35m[39m
2024-01-09 19:53:54:5354 - [35mhttp[39m: [35mGET /api//movie/659dc9bc3eeefccd013d26b9 404 30 - 12.130 ms[39m
[35m[39m
2024-01-09 19:53:59:5359 - [35mhttp[39m: [35mGET /api//movie/659dc9bc3eeefccd013d26b7 200 204 - 12.469 ms[39m
[35m[39m
2024-01-09 19:54:07:547 - [32minfo[39m: [32mConnect[39m
2024-01-09 19:54:07:547 - [32minfo[39m: [32mApp funcionando[39m
2024-01-09 19:54:17:5417 - [32minfo[39m: [32mConnect[39m
2024-01-09 19:54:17:5417 - [32minfo[39m: [32mApp funcionando[39m
2024-01-09 19:54:20:5420 - [35mhttp[39m: [35mGET /api//movie/659dc9bc3eeefccd013d26b7 200 204 - 19.908 ms[39m
[35m[39m
2024-01-09 19:54:37:5437 - [32minfo[39m: [32mConnect[39m
2024-01-09 19:54:37:5437 - [32minfo[39m: [32mApp funcionando[39m
2024-01-09 19:54:53:5453 - [32minfo[39m: [32mConnect[39m
2024-01-09 19:54:53:5453 - [32minfo[39m: [32mApp funcionando[39m
2024-01-09 19:54:56:5456 - [32minfo[39m: [32mConnect[39m
2024-01-09 19:54:56:5456 - [32minfo[39m: [32mApp funcionando[39m
2024-01-09 19:55:01:551 - [32minfo[39m: [32mConnect[39m
2024-01-09 19:55:01:551 - [32minfo[39m: [32mApp funcionando[39m
2024-01-09 19:55:03:553 - [32minfo[39m: [32mConnect[39m
2024-01-09 19:55:03:553 - [32minfo[39m: [32mApp funcionando[39m
2024-01-09 19:55:06:556 - [32minfo[39m: [32mConnect[39m
2024-01-09 19:55:06:556 - [32minfo[39m: [32mApp funcionando[39m
2024-01-09 19:55:12:5512 - [32minfo[39m: [32mConnect[39m
2024-01-09 19:55:12:5512 - [32minfo[39m: [32mApp funcionando[39m
2024-01-09 19:55:33:5533 - [35mhttp[39m: [35mGET /api//movie 200 947 - 44.429 ms[39m
[35m[39m
2024-01-09 19:56:31:5631 - [32minfo[39m: [32mConnect[39m
2024-01-09 19:56:31:5631 - [32minfo[39m: [32mApp funcionando[39m
2024-01-09 19:56:46:5646 - [32minfo[39m: [32mConnect[39m
2024-01-09 19:56:46:5646 - [32minfo[39m: [32mApp funcionando[39m
2024-01-09 19:56:59:5659 - [32minfo[39m: [32mConnect[39m
2024-01-09 19:56:59:5659 - [32minfo[39m: [32mApp funcionando[39m
2024-01-09 19:57:35:5735 - [32minfo[39m: [32mConnect[39m
2024-01-09 19:57:35:5735 - [32minfo[39m: [32mApp funcionando[39m
2024-01-09 19:57:40:5740 - [32minfo[39m: [32mConnect[39m
2024-01-09 19:57:40:5740 - [32minfo[39m: [32mApp funcionando[39m
2024-01-09 19:57:42:5742 - [32minfo[39m: [32mConnect[39m
2024-01-09 19:57:42:5742 - [32minfo[39m: [32mApp funcionando[39m
2024-01-09 19:57:45:5745 - [32minfo[39m: [32mConnect[39m
2024-01-09 19:57:45:5745 - [32minfo[39m: [32mApp funcionando[39m
2024-01-09 19:57:52:5752 - [32minfo[39m: [32mConnect[39m
2024-01-09 19:57:52:5752 - [32minfo[39m: [32mApp funcionando[39m
2024-01-09 19:57:58:5758 - [32minfo[39m: [32mConnect[39m
2024-01-09 19:57:58:5758 - [32minfo[39m: [32mApp funcionando[39m
2024-01-09 19:58:05:585 - [32minfo[39m: [32mConnect[39m
2024-01-09 19:58:05:585 - [32minfo[39m: [32mApp funcionando[39m
2024-01-09 19:58:07:587 - [32minfo[39m: [32mConnect[39m
2024-01-09 19:58:07:587 - [32minfo[39m: [32mApp funcionando[39m
2024-01-09 19:58:08:588 - [32minfo[39m: [32mConnect[39m
2024-01-09 19:58:08:588 - [32minfo[39m: [32mApp funcionando[39m
2024-01-09 19:58:10:5810 - [32minfo[39m: [32mConnect[39m
2024-01-09 19:58:10:5810 - [32minfo[39m: [32mApp funcionando[39m
2024-01-09 19:58:14:5814 - [32minfo[39m: [32mConnect[39m
2024-01-09 19:58:14:5814 - [32minfo[39m: [32mApp funcionando[39m
2024-01-09 19:58:17:5817 - [32minfo[39m: [32mConnect[39m
2024-01-09 19:58:17:5817 - [32minfo[39m: [32mApp funcionando[39m
2024-01-09 19:58:20:5820 - [32minfo[39m: [32mConnect[39m
2024-01-09 19:58:20:5820 - [32minfo[39m: [32mApp funcionando[39m
2024-01-09 19:58:27:5827 - [32minfo[39m: [32mConnect[39m
2024-01-09 19:58:27:5827 - [32minfo[39m: [32mApp funcionando[39m
2024-01-09 19:59:11:5911 - [32minfo[39m: [32mConnect[39m
2024-01-09 19:59:11:5911 - [32minfo[39m: [32mApp funcionando[39m
2024-01-09 19:59:15:5915 - [32minfo[39m: [32mConnect[39m
2024-01-09 19:59:15:5915 - [32minfo[39m: [32mApp funcionando[39m
2024-01-09 19:59:23:5923 - [32minfo[39m: [32mConnect[39m
2024-01-09 19:59:23:5923 - [32minfo[39m: [32mApp funcionando[39m
2024-01-09 19:59:27:5927 - [32minfo[39m: [32mConnect[39m
2024-01-09 19:59:27:5927 - [32minfo[39m: [32mApp funcionando[39m
2024-01-09 19:59:34:5934 - [32minfo[39m: [32mConnect[39m
2024-01-09 19:59:34:5934 - [32minfo[39m: [32mApp funcionando[39m
2024-01-09 19:59:41:5941 - [32minfo[39m: [32mConnect[39m
2024-01-09 19:59:41:5941 - [32minfo[39m: [32mApp funcionando[39m
2024-01-09 19:59:45:5945 - [32minfo[39m: [32mConnect[39m
2024-01-09 19:59:45:5945 - [32minfo[39m: [32mApp funcionando[39m
2024-01-09 19:59:46:5946 - [32minfo[39m: [32mConnect[39m
2024-01-09 19:59:46:5946 - [32minfo[39m: [32mApp funcionando[39m
2024-01-09 19:59:49:5949 - [32minfo[39m: [32mConnect[39m
2024-01-09 19:59:49:5949 - [32minfo[39m: [32mApp funcionando[39m
2024-01-09 19:59:56:5956 - [32minfo[39m: [32mConnect[39m
2024-01-09 19:59:56:5956 - [32minfo[39m: [32mApp funcionando[39m
2024-01-09 20:00:06:06 - [32minfo[39m: [32mConnect[39m
2024-01-09 20:00:06:06 - [32minfo[39m: [32mApp funcionando[39m
2024-01-09 20:00:10:010 - [32minfo[39m: [32mConnect[39m
2024-01-09 20:00:10:010 - [32minfo[39m: [32mApp funcionando[39m
2024-01-09 20:00:12:012 - [32minfo[39m: [32mConnect[39m
2024-01-09 20:00:12:012 - [32minfo[39m: [32mApp funcionando[39m
2024-01-09 20:00:18:018 - [32minfo[39m: [32mConnect[39m
2024-01-09 20:00:18:018 - [32minfo[39m: [32mApp funcionando[39m
2024-01-09 20:01:09:19 - [32minfo[39m: [32mConnect[39m
2024-01-09 20:01:09:19 - [32minfo[39m: [32mApp funcionando[39m
2024-01-09 20:01:20:120 - [32minfo[39m: [32mConnect[39m
2024-01-09 20:01:20:120 - [32minfo[39m: [32mApp funcionando[39m
2024-01-09 20:01:24:124 - [32minfo[39m: [32mConnect[39m
2024-01-09 20:01:24:124 - [32minfo[39m: [32mApp funcionando[39m
2024-01-09 20:01:29:129 - [32minfo[39m: [32mConnect[39m
2024-01-09 20:01:29:129 - [32minfo[39m: [32mApp funcionando[39m
2024-01-09 20:01:31:131 - [32minfo[39m: [32mConnect[39m
2024-01-09 20:01:31:131 - [32minfo[39m: [32mApp funcionando[39m
2024-01-09 20:01:35:135 - [32minfo[39m: [32mConnect[39m
2024-01-09 20:01:35:135 - [32minfo[39m: [32mApp funcionando[39m
2024-01-09 20:02:05:25 - [32minfo[39m: [32mConnect[39m
2024-01-09 20:02:05:25 - [32minfo[39m: [32mApp funcionando[39m
2024-01-09 20:02:09:29 - [32minfo[39m: [32mConnect[39m
2024-01-09 20:02:09:29 - [32minfo[39m: [32mApp funcionando[39m
2024-01-09 20:02:12:212 - [32minfo[39m: [32mConnect[39m
2024-01-09 20:02:12:212 - [32minfo[39m: [32mApp funcionando[39m
2024-01-09 20:02:17:217 - [32minfo[39m: [32mConnect[39m
2024-01-09 20:02:17:217 - [32minfo[39m: [32mApp funcionando[39m
2024-01-09 20:02:37:237 - [32minfo[39m: [32mConnect[39m
2024-01-09 20:02:37:237 - [32minfo[39m: [32mApp funcionando[39m
2024-01-09 20:02:45:245 - [32minfo[39m: [32mConnect[39m
2024-01-09 20:02:45:245 - [32minfo[39m: [32mApp funcionando[39m
2024-01-09 20:02:53:253 - [32minfo[39m: [32mConnect[39m
2024-01-09 20:02:53:253 - [32minfo[39m: [32mApp funcionando[39m
2024-01-09 20:02:56:256 - [32minfo[39m: [32mConnect[39m
2024-01-09 20:02:56:256 - [32minfo[39m: [32mApp funcionando[39m
2024-01-09 20:03:18:318 - [32minfo[39m: [32mConnect[39m
2024-01-09 20:03:18:318 - [32minfo[39m: [32mApp funcionando[39m
2024-01-09 20:03:29:329 - [32minfo[39m: [32mConnect[39m
2024-01-09 20:03:29:329 - [32minfo[39m: [32mApp funcionando[39m
2024-01-09 20:03:31:331 - [32minfo[39m: [32mConnect[39m
2024-01-09 20:03:31:331 - [32minfo[39m: [32mApp funcionando[39m
2024-01-09 20:03:38:338 - [32minfo[39m: [32mConnect[39m
2024-01-09 20:03:38:338 - [32minfo[39m: [32mApp funcionando[39m
2024-01-09 20:03:43:343 - [32minfo[39m: [32mConnect[39m
2024-01-09 20:03:43:343 - [32minfo[39m: [32mApp funcionando[39m
2024-01-09 20:03:52:352 - [32minfo[39m: [32mConnect[39m
2024-01-09 20:03:52:352 - [32minfo[39m: [32mApp funcionando[39m
2024-01-09 20:04:02:42 - [32minfo[39m: [32mConnect[39m
2024-01-09 20:04:02:42 - [32minfo[39m: [32mApp funcionando[39m
2024-01-09 20:05:03:53 - [32minfo[39m: [32mConnect[39m
2024-01-09 20:05:03:53 - [32minfo[39m: [32mApp funcionando[39m
2024-01-09 20:05:11:511 - [32minfo[39m: [32mConnect[39m
2024-01-09 20:05:11:511 - [32minfo[39m: [32mApp funcionando[39m
2024-01-09 20:06:33:633 - [32minfo[39m: [32mConnect[39m
2024-01-09 20:06:33:633 - [32minfo[39m: [32mApp funcionando[39m
2024-01-09 20:06:43:643 - [32minfo[39m: [32mConnect[39m
2024-01-09 20:06:43:643 - [32minfo[39m: [32mApp funcionando[39m
2024-01-09 20:06:47:647 - [32minfo[39m: [32mConnect[39m
2024-01-09 20:06:47:647 - [32minfo[39m: [32mApp funcionando[39m
2024-01-09 20:06:50:650 - [32minfo[39m: [32mConnect[39m
2024-01-09 20:06:50:650 - [32minfo[39m: [32mApp funcionando[39m
2024-01-09 20:06:52:652 - [32minfo[39m: [32mConnect[39m
2024-01-09 20:06:52:652 - [32minfo[39m: [32mApp funcionando[39m
2024-01-09 20:06:55:655 - [32minfo[39m: [32mConnect[39m
2024-01-09 20:06:55:655 - [32minfo[39m: [32mApp funcionando[39m
2024-01-09 20:07:56:756 - [32minfo[39m: [32mConnect[39m
2024-01-09 20:07:56:756 - [32minfo[39m: [32mApp funcionando[39m
2024-01-09 20:07:58:758 - [32minfo[39m: [32mConnect[39m
2024-01-09 20:07:58:758 - [32minfo[39m: [32mApp funcionando[39m
2024-01-09 20:08:03:83 - [32minfo[39m: [32mConnect[39m
2024-01-09 20:08:03:83 - [32minfo[39m: [32mApp funcionando[39m
2024-01-09 20:08:08:88 - [32minfo[39m: [32mConnect[39m
2024-01-09 20:08:08:88 - [32minfo[39m: [32mApp funcionando[39m
2024-01-09 20:08:14:814 - [32minfo[39m: [32mConnect[39m
2024-01-09 20:08:14:814 - [32minfo[39m: [32mApp funcionando[39m
2024-01-09 20:08:16:816 - [32minfo[39m: [32mConnect[39m
2024-01-09 20:08:16:816 - [32minfo[39m: [32mApp funcionando[39m
2024-01-09 20:08:22:822 - [32minfo[39m: [32mConnect[39m
2024-01-09 20:08:22:822 - [32minfo[39m: [32mApp funcionando[39m
2024-01-09 20:08:24:824 - [32minfo[39m: [32mConnect[39m
2024-01-09 20:08:24:824 - [32minfo[39m: [32mApp funcionando[39m
2024-01-09 20:08:25:825 - [32minfo[39m: [32mConnect[39m
2024-01-09 20:08:25:825 - [32minfo[39m: [32mApp funcionando[39m
2024-01-09 20:09:31:931 - [32minfo[39m: [32mConnect[39m
2024-01-09 20:09:31:931 - [32minfo[39m: [32mApp funcionando[39m
2024-01-09 20:12:46:1246 - [35mhttp[39m: [35mDELETE /api//movie/659dc9bc3eeefccd013d26b7 404 177 - 1.800 ms[39m
[35m[39m
2024-01-09 20:13:18:1318 - [32minfo[39m: [32mConnect[39m
2024-01-09 20:13:18:1318 - [32minfo[39m: [32mApp funcionando[39m
2024-01-09 20:13:20:1320 - [32minfo[39m: [32mConnect[39m
2024-01-09 20:13:20:1320 - [32minfo[39m: [32mApp funcionando[39m
2024-01-09 20:13:42:1342 - [32minfo[39m: [32mConnect[39m
2024-01-09 20:13:42:1342 - [32minfo[39m: [32mApp funcionando[39m
2024-01-09 20:14:10:1410 - [32minfo[39m: [32mConnect[39m
2024-01-09 20:14:10:1410 - [32minfo[39m: [32mApp funcionando[39m
2024-01-09 20:14:14:1414 - [32minfo[39m: [32mConnect[39m
2024-01-09 20:14:14:1414 - [32minfo[39m: [32mApp funcionando[39m
2024-01-09 20:14:17:1417 - [32minfo[39m: [32mConnect[39m
2024-01-09 20:14:17:1417 - [32minfo[39m: [32mApp funcionando[39m
2024-01-09 20:14:25:1425 - [32minfo[39m: [32mConnect[39m
2024-01-09 20:14:25:1425 - [32minfo[39m: [32mApp funcionando[39m
2024-01-09 20:14:29:1429 - [32minfo[39m: [32mConnect[39m
2024-01-09 20:14:29:1429 - [32minfo[39m: [32mApp funcionando[39m
2024-01-09 20:14:59:1459 - [32minfo[39m: [32mConnect[39m
2024-01-09 20:14:59:1459 - [32minfo[39m: [32mApp funcionando[39m
2024-01-09 20:15:14:1514 - [32minfo[39m: [32mConnect[39m
2024-01-09 20:15:14:1514 - [32minfo[39m: [32mApp funcionando[39m
2024-01-09 20:15:16:1516 - [32minfo[39m: [32mConnect[39m
2024-01-09 20:15:16:1516 - [32minfo[39m: [32mApp funcionando[39m
2024-01-09 20:15:21:1521 - [35mhttp[39m: [35mDELETE /api//movie/659dc9bc3eeefccd013d26b7 404 177 - 1.323 ms[39m
[35m[39m
2024-01-09 20:15:25:1525 - [35mhttp[39m: [35mDELETE /api//movie/659dc9bc3eeefccd013d26b8 404 177 - 0.332 ms[39m
[35m[39m
2024-01-09 20:15:29:1529 - [35mhttp[39m: [35mDELETE /api//movie/659dc9bc3eeefccd013d26b3 404 177 - 0.234 ms[39m
[35m[39m
2024-01-09 20:15:44:1544 - [35mhttp[39m: [35mGET /api//movie/659dc9bc3eeefccd013d26b7 200 204 - 39.149 ms[39m
[35m[39m
2024-01-09 20:15:50:1550 - [35mhttp[39m: [35mDELETE /api//movie/659dc9bc3eeefccd013d26b7 404 177 - 0.219 ms[39m
[35m[39m
2024-01-09 20:16:39:1639 - [32minfo[39m: [32mConnect[39m
2024-01-09 20:16:39:1639 - [32minfo[39m: [32mApp funcionando[39m
2024-01-09 20:16:43:1643 - [32minfo[39m: [32mConnect[39m
2024-01-09 20:16:43:1643 - [32minfo[39m: [32mApp funcionando[39m
2024-01-09 20:16:49:1649 - [35mhttp[39m: [35mDELETE /api//movie/659dc9bc3eeefccd013d26b7 404 177 - 1.464 ms[39m
[35m[39m
2024-01-09 20:16:58:1658 - [35mhttp[39m: [35mDELETE /api//movie/659dc9bc3eeefccd013d26b7 404 177 - 0.783 ms[39m
[35m[39m
2024-01-09 20:17:05:175 - [32minfo[39m: [32mConnect[39m
2024-01-09 20:17:05:175 - [32minfo[39m: [32mApp funcionando[39m
2024-01-09 20:17:15:1715 - [35mhttp[39m: [35mDELETE /api//movie/659dc9bc3eeefccd013d26b7 404 177 - 2.314 ms[39m
[35m[39m
2024-01-09 20:17:51:1751 - [32minfo[39m: [32mConnect[39m
2024-01-09 20:17:51:1751 - [32minfo[39m: [32mApp funcionando[39m
2024-01-09 20:17:52:1752 - [32minfo[39m: [32mConnect[39m
2024-01-09 20:17:52:1752 - [32minfo[39m: [32mApp funcionando[39m
2024-01-09 20:17:55:1755 - [32minfo[39m: [32mConnect[39m
2024-01-09 20:17:55:1755 - [32minfo[39m: [32mApp funcionando[39m
2024-01-09 20:17:56:1756 - [32minfo[39m: [32mConnect[39m
2024-01-09 20:17:56:1756 - [32minfo[39m: [32mApp funcionando[39m
2024-01-09 20:18:01:181 - [32minfo[39m: [32mConnect[39m
2024-01-09 20:18:01:181 - [32minfo[39m: [32mApp funcionando[39m
2024-01-09 20:18:12:1812 - [32minfo[39m: [32mConnect[39m
2024-01-09 20:18:12:1812 - [32minfo[39m: [32mApp funcionando[39m
2024-01-09 20:18:15:1815 - [32minfo[39m: [32mConnect[39m
2024-01-09 20:18:15:1815 - [32minfo[39m: [32mApp funcionando[39m
2024-01-09 20:18:29:1829 - [32minfo[39m: [32mConnect[39m
2024-01-09 20:18:29:1829 - [32minfo[39m: [32mApp funcionando[39m
2024-01-09 20:18:46:1846 - [32minfo[39m: [32mConnect[39m
2024-01-09 20:18:46:1846 - [32minfo[39m: [32mApp funcionando[39m
2024-01-09 20:20:03:203 - [35mhttp[39m: [35mDELETE /api//movie/659dc9bc3eeefccd013d26b5 404 177 - 3.307 ms[39m
[35m[39m
2024-01-09 20:20:15:2015 - [35mhttp[39m: [35mGET /api//movie/659dc9bc3eeefccd013d26b5 404 30 - 23.838 ms[39m
[35m[39m
2024-01-09 20:20:19:2019 - [35mhttp[39m: [35mGET /api//movie/659dc9bc3eeefccd013d26b7 200 204 - 17.633 ms[39m
[35m[39m
2024-01-09 20:21:22:2122 - [32minfo[39m: [32mConnect[39m
2024-01-09 20:21:22:2122 - [32minfo[39m: [32mApp funcionando[39m
2024-01-09 20:21:25:2125 - [32minfo[39m: [32mConnect[39m
2024-01-09 20:21:25:2125 - [32minfo[39m: [32mApp funcionando[39m
2024-01-09 20:21:27:2127 - [32minfo[39m: [32mConnect[39m
2024-01-09 20:21:27:2127 - [32minfo[39m: [32mApp funcionando[39m
2024-01-09 20:21:32:2132 - [32minfo[39m: [32mConnect[39m
2024-01-09 20:21:32:2132 - [32minfo[39m: [32mApp funcionando[39m
2024-01-09 20:21:33:2133 - [32minfo[39m: [32mConnect[39m
2024-01-09 20:21:33:2133 - [32minfo[39m: [32mApp funcionando[39m
2024-01-09 20:21:39:2139 - [32minfo[39m: [32mConnect[39m
2024-01-09 20:21:39:2139 - [32minfo[39m: [32mApp funcionando[39m
2024-01-09 20:21:40:2140 - [32minfo[39m: [32mConnect[39m
2024-01-09 20:21:40:2140 - [32minfo[39m: [32mApp funcionando[39m
2024-01-09 20:21:45:2145 - [32minfo[39m: [32mConnect[39m
2024-01-09 20:21:45:2145 - [32minfo[39m: [32mApp funcionando[39m
2024-01-09 20:21:53:2153 - [32minfo[39m: [32mConnect[39m
2024-01-09 20:21:53:2153 - [32minfo[39m: [32mApp funcionando[39m
2024-01-09 20:22:00:220 - [35mhttp[39m: [35mDELETE /api//movie/659dc9bc3eeefccd013d26b7 200 36 - 33.505 ms[39m
[35m[39m
2024-01-09 20:22:11:2211 - [35mhttp[39m: [35mDELETE /api//movie/659dc9bc3eeefccd013d26b4 404 30 - 145.659 ms[39m
[35m[39m
2024-01-09 20:22:23:2223 - [32minfo[39m: [32mConnect[39m
2024-01-09 20:22:23:2223 - [32minfo[39m: [32mApp funcionando[39m
2024-01-09 20:22:26:2226 - [32minfo[39m: [32mConnect[39m
2024-01-09 20:22:26:2226 - [32minfo[39m: [32mApp funcionando[39m
2024-01-09 20:22:28:2228 - [32minfo[39m: [32mConnect[39m
2024-01-09 20:22:28:2228 - [32minfo[39m: [32mApp funcionando[39m
2024-01-09 20:22:32:2232 - [32minfo[39m: [32mConnect[39m
2024-01-09 20:22:32:2232 - [32minfo[39m: [32mApp funcionando[39m
2024-01-09 20:22:36:2236 - [32minfo[39m: [32mConnect[39m
2024-01-09 20:22:36:2236 - [32minfo[39m: [32mApp funcionando[39m
2024-01-09 20:22:38:2238 - [32minfo[39m: [32mConnect[39m
2024-01-09 20:22:38:2238 - [32minfo[39m: [32mApp funcionando[39m
2024-01-09 20:22:43:2243 - [35mhttp[39m: [35mDELETE /api//movie/659dc9bc3eeefccd013d26b4 404 30 - 17.628 ms[39m
[35m[39m
2024-01-09 20:22:47:2247 - [35mhttp[39m: [35mDELETE /api//movie/659dc9bc3eeefccd013d26b7 200 36 - 100.896 ms[39m
[35m[39m
2024-01-09 20:22:53:2253 - [35mhttp[39m: [35mGET /api//movie/659dc9bc3eeefccd013d26b7 404 30 - 13.484 ms[39m
[35m[39m
2024-01-09 20:23:16:2316 - [35mhttp[39m: [35mGET /api//movie/659dbc6060e7841ead320214 200 147 - 12.603 ms[39m
[35m[39m
2024-01-09 20:23:23:2323 - [35mhttp[39m: [35mDELETE /api//movie/659dbc6060e7841ead320214 200 36 - 51.163 ms[39m
[35m[39m
2024-01-09 20:24:50:2450 - [32minfo[39m: [32mConnect[39m
2024-01-09 20:24:50:2450 - [32minfo[39m: [32mApp funcionando[39m
2024-01-09 20:24:53:2453 - [32minfo[39m: [32mConnect[39m
2024-01-09 20:24:53:2453 - [32minfo[39m: [32mApp funcionando[39m
2024-01-09 20:24:58:2458 - [32minfo[39m: [32mConnect[39m
2024-01-09 20:24:58:2458 - [32minfo[39m: [32mApp funcionando[39m
2024-01-09 20:25:03:253 - [32minfo[39m: [32mConnect[39m
2024-01-09 20:25:03:253 - [32minfo[39m: [32mApp funcionando[39m
2024-01-09 20:25:15:2515 - [32minfo[39m: [32mConnect[39m
2024-01-09 20:25:15:2515 - [32minfo[39m: [32mApp funcionando[39m
2024-01-09 20:25:17:2517 - [32minfo[39m: [32mConnect[39m
2024-01-09 20:25:17:2517 - [32minfo[39m: [32mApp funcionando[39m
2024-01-09 20:25:23:2523 - [32minfo[39m: [32mConnect[39m
2024-01-09 20:25:23:2523 - [32minfo[39m: [32mApp funcionando[39m
2024-01-09 20:25:29:2529 - [32minfo[39m: [32mConnect[39m
2024-01-09 20:25:29:2529 - [32minfo[39m: [32mApp funcionando[39m
2024-01-09 20:25:41:2541 - [32minfo[39m: [32mConnect[39m
2024-01-09 20:25:41:2541 - [32minfo[39m: [32mApp funcionando[39m
2024-01-09 20:25:46:2546 - [32minfo[39m: [32mConnect[39m
2024-01-09 20:25:46:2546 - [32minfo[39m: [32mApp funcionando[39m
2024-01-09 20:26:16:2616 - [32minfo[39m: [32mConnect[39m
2024-01-09 20:26:16:2616 - [32minfo[39m: [32mApp funcionando[39m
2024-01-09 20:26:30:2630 - [32minfo[39m: [32mConnect[39m
2024-01-09 20:26:30:2630 - [32minfo[39m: [32mApp funcionando[39m
2024-01-09 20:27:04:274 - [32minfo[39m: [32mConnect[39m
2024-01-09 20:27:04:274 - [32minfo[39m: [32mApp funcionando[39m
2024-01-09 20:27:11:2711 - [32minfo[39m: [32mConnect[39m
2024-01-09 20:27:11:2711 - [32minfo[39m: [32mApp funcionando[39m
2024-01-09 20:27:14:2714 - [32minfo[39m: [32mConnect[39m
2024-01-09 20:27:14:2714 - [32minfo[39m: [32mApp funcionando[39m
2024-01-09 20:27:16:2716 - [32minfo[39m: [32mConnect[39m
2024-01-09 20:27:16:2716 - [32minfo[39m: [32mApp funcionando[39m
2024-01-09 20:27:21:2721 - [32minfo[39m: [32mConnect[39m
2024-01-09 20:27:21:2721 - [32minfo[39m: [32mApp funcionando[39m
2024-01-09 20:27:25:2725 - [32minfo[39m: [32mConnect[39m
2024-01-09 20:27:25:2725 - [32minfo[39m: [32mApp funcionando[39m
2024-01-09 20:28:15:2815 - [32minfo[39m: [32mConnect[39m
2024-01-09 20:28:15:2815 - [32minfo[39m: [32mApp funcionando[39m
2024-01-09 20:28:20:2820 - [32minfo[39m: [32mConnect[39m
2024-01-09 20:28:20:2820 - [32minfo[39m: [32mApp funcionando[39m
2024-01-09 20:28:28:2828 - [32minfo[39m: [32mConnect[39m
2024-01-09 20:28:28:2828 - [32minfo[39m: [32mApp funcionando[39m
2024-01-09 20:28:30:2830 - [32minfo[39m: [32mConnect[39m
2024-01-09 20:28:30:2830 - [32minfo[39m: [32mApp funcionando[39m
2024-01-09 20:28:37:2837 - [32minfo[39m: [32mConnect[39m
2024-01-09 20:28:37:2837 - [32minfo[39m: [32mApp funcionando[39m
2024-01-09 20:28:44:2844 - [32minfo[39m: [32mConnect[39m
2024-01-09 20:28:44:2844 - [32minfo[39m: [32mApp funcionando[39m
2024-01-09 20:28:48:2848 - [32minfo[39m: [32mConnect[39m
2024-01-09 20:28:48:2848 - [32minfo[39m: [32mApp funcionando[39m
2024-01-09 20:28:58:2858 - [32minfo[39m: [32mConnect[39m
2024-01-09 20:28:58:2858 - [32minfo[39m: [32mApp funcionando[39m
2024-01-09 20:29:01:291 - [32minfo[39m: [32mConnect[39m
2024-01-09 20:29:01:291 - [32minfo[39m: [32mApp funcionando[39m
2024-01-09 20:29:19:2919 - [32minfo[39m: [32mConnect[39m
2024-01-09 20:29:19:2919 - [32minfo[39m: [32mApp funcionando[39m
2024-01-09 20:29:22:2922 - [32minfo[39m: [32mConnect[39m
2024-01-09 20:29:22:2922 - [32minfo[39m: [32mApp funcionando[39m
2024-01-09 20:29:26:2926 - [32minfo[39m: [32mConnect[39m
2024-01-09 20:29:26:2926 - [32minfo[39m: [32mApp funcionando[39m
2024-01-09 20:29:31:2931 - [32minfo[39m: [32mConnect[39m
2024-01-09 20:29:31:2931 - [32minfo[39m: [32mApp funcionando[39m
2024-01-09 20:29:33:2933 - [32minfo[39m: [32mConnect[39m
2024-01-09 20:29:33:2933 - [32minfo[39m: [32mApp funcionando[39m
2024-01-09 20:29:39:2939 - [32minfo[39m: [32mConnect[39m
2024-01-09 20:29:39:2939 - [32minfo[39m: [32mApp funcionando[39m
2024-01-09 20:29:44:2944 - [32minfo[39m: [32mConnect[39m
2024-01-09 20:29:44:2944 - [32minfo[39m: [32mApp funcionando[39m
2024-01-09 20:29:48:2948 - [32minfo[39m: [32mConnect[39m
2024-01-09 20:29:48:2948 - [32minfo[39m: [32mApp funcionando[39m
2024-01-09 20:30:09:309 - [32minfo[39m: [32mConnect[39m
2024-01-09 20:30:09:309 - [32minfo[39m: [32mApp funcionando[39m
2024-01-09 20:30:13:3013 - [32minfo[39m: [32mConnect[39m
2024-01-09 20:30:13:3013 - [32minfo[39m: [32mApp funcionando[39m
2024-01-09 20:30:18:3018 - [32minfo[39m: [32mConnect[39m
2024-01-09 20:30:18:3018 - [32minfo[39m: [32mApp funcionando[39m
2024-01-09 20:30:22:3022 - [32minfo[39m: [32mConnect[39m
2024-01-09 20:30:22:3022 - [32minfo[39m: [32mApp funcionando[39m
2024-01-09 20:30:32:3032 - [32minfo[39m: [32mConnect[39m
2024-01-09 20:30:32:3032 - [32minfo[39m: [32mApp funcionando[39m
2024-01-09 20:30:38:3038 - [32minfo[39m: [32mConnect[39m
2024-01-09 20:30:38:3038 - [32minfo[39m: [32mApp funcionando[39m
2024-01-09 20:30:39:3039 - [32minfo[39m: [32mConnect[39m
2024-01-09 20:30:39:3039 - [32minfo[39m: [32mApp funcionando[39m
2024-01-09 20:31:02:312 - [32minfo[39m: [32mConnect[39m
2024-01-09 20:31:02:312 - [32minfo[39m: [32mApp funcionando[39m
2024-01-09 20:31:11:3111 - [32minfo[39m: [32mConnect[39m
2024-01-09 20:31:11:3111 - [32minfo[39m: [32mApp funcionando[39m
2024-01-09 20:31:33:3133 - [35mhttp[39m: [35mGET /api//movie/659dbc6060e7841ead320214 404 30 - 287.382 ms[39m
[35m[39m
2024-01-09 20:34:06:346 - [32minfo[39m: [32mConnect[39m
2024-01-09 20:34:06:346 - [32minfo[39m: [32mApp funcionando[39m
2024-01-09 20:34:08:348 - [32minfo[39m: [32mConnect[39m
2024-01-09 20:34:08:348 - [32minfo[39m: [32mApp funcionando[39m
2024-01-10 17:48:29:4829 - [32minfo[39m: [32mConnect[39m
2024-01-10 17:48:29:4829 - [32minfo[39m: [32mApp funcionando[39m
